[15:05:17] [main/INFO]: Environment: authHost='https://authserver.mojang.com', accountsHost='https://api.mojang.com', sessionHost='https://sessionserver.mojang.com', servicesHost='https://api.minecraftservices.com', name='PROD'
[15:05:18] [main/INFO]: Reloading ResourceManager: Default, bukkit
[15:05:19] [Worker-Main-5/INFO]: Loaded 7 recipes
[15:05:22] [Server thread/INFO]: Starting minecraft server version 1.16.5
[15:05:22] [Server thread/INFO]: Loading properties
[15:05:23] [Server thread/INFO]: This server is running CraftBukkit version 2991-Spigot-018b9a0-f3f3094 (MC: 1.16.5) (Implementing API version 1.16.5-R0.1-SNAPSHOT)
[15:05:24] [Server thread/INFO]: Debug logging is disabled
[15:05:24] [Server thread/INFO]: Server Ping Player Sample Count: 12
[15:05:24] [Server thread/INFO]: Using 4 threads for Netty based IO
[15:05:24] [Server thread/INFO]: Default game type: SURVIVAL
[15:05:24] [Server thread/INFO]: Generating keypair
[15:05:24] [Server thread/INFO]: Starting Minecraft server on *:25565
[15:05:24] [Server thread/INFO]: Using default channel type
[15:05:29] [Server thread/INFO]: [OnePlayerSleep] Loading OnePlayerSleep v2.0.2
[15:05:29] [Server thread/INFO]: [OpenInv] Loading OpenInv v4.0.8
[15:05:29] [Server thread/INFO]: Preparing level "world"
[15:05:30] [Server thread/INFO]: -------- World Settings For [world] --------
[15:05:30] [Server thread/INFO]: Entity Tracking Range: Pl 48 / An 48 / Mo 48 / Mi 32 / Other 64
[15:05:30] [Server thread/INFO]: Allow Zombie Pigmen to spawn from portal blocks: true
[15:05:30] [Server thread/INFO]: View Distance: 10
[15:05:30] [Server thread/INFO]: Item Merge Radius: 2.5
[15:05:30] [Server thread/INFO]: Item Despawn Rate: 6000
[15:05:30] [Server thread/INFO]: Custom Map Seeds:  Village: 10387312 Desert: 14357617 Igloo: 14357618 Jungle: 14357619 Swamp: 14357620 Monument: 10387313 Ocean: 14357621 Shipwreck: 165745295 End City: 10387313 Slime: 987234911 Bastion: 30084232 Fortress: 30084232 Mansion: 10387319 Fossil: 14357921 Portal: 34222645
[15:05:30] [Server thread/INFO]: Zombie Aggressive Towards Villager: true
[15:05:30] [Server thread/INFO]: Cactus Growth Modifier: 100%
[15:05:30] [Server thread/INFO]: Cane Growth Modifier: 100%
[15:05:30] [Server thread/INFO]: Melon Growth Modifier: 100%
[15:05:30] [Server thread/INFO]: Mushroom Growth Modifier: 100%
[15:05:30] [Server thread/INFO]: Pumpkin Growth Modifier: 100%
[15:05:30] [Server thread/INFO]: Sapling Growth Modifier: 100%
[15:05:30] [Server thread/INFO]: Beetroot Growth Modifier: 100%
[15:05:30] [Server thread/INFO]: Carrot Growth Modifier: 100%
[15:05:30] [Server thread/INFO]: Potato Growth Modifier: 100%
[15:05:30] [Server thread/INFO]: Wheat Growth Modifier: 100%
[15:05:30] [Server thread/INFO]: NetherWart Growth Modifier: 100%
[15:05:30] [Server thread/INFO]: Vine Growth Modifier: 100%
[15:05:30] [Server thread/INFO]: Cocoa Growth Modifier: 100%
[15:05:30] [Server thread/INFO]: Bamboo Growth Modifier: 100%
[15:05:30] [Server thread/INFO]: SweetBerry Growth Modifier: 100%
[15:05:30] [Server thread/INFO]: Kelp Growth Modifier: 100%
[15:05:30] [Server thread/INFO]: Mob Spawn Range: 6
[15:05:30] [Server thread/INFO]: Experience Merge Radius: 3.0
[15:05:30] [Server thread/INFO]: Hopper Transfer: 8 Hopper Check: 1 Hopper Amount: 1
[15:05:30] [Server thread/INFO]: Entity Activation Range: An 32 / Mo 32 / Ra 48 / Mi 16 / Tiv true
[15:05:30] [Server thread/INFO]: Max TNT Explosions: 100
[15:05:30] [Server thread/INFO]: Tile Max Tick Time: 50ms Entity max Tick Time: 50ms
[15:05:30] [Server thread/INFO]: Nerfing mobs spawned from spawners: false
[15:05:30] [Server thread/INFO]: Arrow Despawn Rate: 1200 Trident Respawn Rate:1200
[15:05:30] [Server thread/INFO]: -------- World Settings For [world_nether] --------
[15:05:30] [Server thread/INFO]: Entity Tracking Range: Pl 48 / An 48 / Mo 48 / Mi 32 / Other 64
[15:05:30] [Server thread/INFO]: Allow Zombie Pigmen to spawn from portal blocks: true
[15:05:30] [Server thread/INFO]: View Distance: 10
[15:05:30] [Server thread/INFO]: Item Merge Radius: 2.5
[15:05:30] [Server thread/INFO]: Item Despawn Rate: 6000
[15:05:30] [Server thread/INFO]: Custom Map Seeds:  Village: 10387312 Desert: 14357617 Igloo: 14357618 Jungle: 14357619 Swamp: 14357620 Monument: 10387313 Ocean: 14357621 Shipwreck: 165745295 End City: 10387313 Slime: 987234911 Bastion: 30084232 Fortress: 30084232 Mansion: 10387319 Fossil: 14357921 Portal: 34222645
[15:05:30] [Server thread/INFO]: Zombie Aggressive Towards Villager: true
[15:05:30] [Server thread/INFO]: Cactus Growth Modifier: 100%
[15:05:30] [Server thread/INFO]: Cane Growth Modifier: 100%
[15:05:30] [Server thread/INFO]: Melon Growth Modifier: 100%
[15:05:30] [Server thread/INFO]: Mushroom Growth Modifier: 100%
[15:05:30] [Server thread/INFO]: Pumpkin Growth Modifier: 100%
[15:05:30] [Server thread/INFO]: Sapling Growth Modifier: 100%
[15:05:30] [Server thread/INFO]: Beetroot Growth Modifier: 100%
[15:05:30] [Server thread/INFO]: Carrot Growth Modifier: 100%
[15:05:30] [Server thread/INFO]: Potato Growth Modifier: 100%
[15:05:30] [Server thread/INFO]: Wheat Growth Modifier: 100%
[15:05:30] [Server thread/INFO]: NetherWart Growth Modifier: 100%
[15:05:30] [Server thread/INFO]: Vine Growth Modifier: 100%
[15:05:30] [Server thread/INFO]: Cocoa Growth Modifier: 100%
[15:05:30] [Server thread/INFO]: Bamboo Growth Modifier: 100%
[15:05:30] [Server thread/INFO]: SweetBerry Growth Modifier: 100%
[15:05:30] [Server thread/INFO]: Kelp Growth Modifier: 100%
[15:05:30] [Server thread/INFO]: Mob Spawn Range: 6
[15:05:30] [Server thread/INFO]: Experience Merge Radius: 3.0
[15:05:30] [Server thread/INFO]: Hopper Transfer: 8 Hopper Check: 1 Hopper Amount: 1
[15:05:30] [Server thread/INFO]: Entity Activation Range: An 32 / Mo 32 / Ra 48 / Mi 16 / Tiv true
[15:05:30] [Server thread/INFO]: Max TNT Explosions: 100
[15:05:30] [Server thread/INFO]: Tile Max Tick Time: 50ms Entity max Tick Time: 50ms
[15:05:30] [Server thread/INFO]: Nerfing mobs spawned from spawners: false
[15:05:30] [Server thread/INFO]: Arrow Despawn Rate: 1200 Trident Respawn Rate:1200
[15:05:30] [Server thread/INFO]: -------- World Settings For [world_the_end] --------
[15:05:30] [Server thread/INFO]: Entity Tracking Range: Pl 48 / An 48 / Mo 48 / Mi 32 / Other 64
[15:05:30] [Server thread/INFO]: Allow Zombie Pigmen to spawn from portal blocks: true
[15:05:30] [Server thread/INFO]: View Distance: 10
[15:05:30] [Server thread/INFO]: Item Merge Radius: 2.5
[15:05:30] [Server thread/INFO]: Item Despawn Rate: 6000
[15:05:30] [Server thread/INFO]: Custom Map Seeds:  Village: 10387312 Desert: 14357617 Igloo: 14357618 Jungle: 14357619 Swamp: 14357620 Monument: 10387313 Ocean: 14357621 Shipwreck: 165745295 End City: 10387313 Slime: 987234911 Bastion: 30084232 Fortress: 30084232 Mansion: 10387319 Fossil: 14357921 Portal: 34222645
[15:05:30] [Server thread/INFO]: Zombie Aggressive Towards Villager: true
[15:05:30] [Server thread/INFO]: Cactus Growth Modifier: 100%
[15:05:30] [Server thread/INFO]: Cane Growth Modifier: 100%
[15:05:30] [Server thread/INFO]: Melon Growth Modifier: 100%
[15:05:30] [Server thread/INFO]: Mushroom Growth Modifier: 100%
[15:05:30] [Server thread/INFO]: Pumpkin Growth Modifier: 100%
[15:05:30] [Server thread/INFO]: Sapling Growth Modifier: 100%
[15:05:30] [Server thread/INFO]: Beetroot Growth Modifier: 100%
[15:05:30] [Server thread/INFO]: Carrot Growth Modifier: 100%
[15:05:30] [Server thread/INFO]: Potato Growth Modifier: 100%
[15:05:30] [Server thread/INFO]: Wheat Growth Modifier: 100%
[15:05:30] [Server thread/INFO]: NetherWart Growth Modifier: 100%
[15:05:30] [Server thread/INFO]: Vine Growth Modifier: 100%
[15:05:30] [Server thread/INFO]: Cocoa Growth Modifier: 100%
[15:05:30] [Server thread/INFO]: Bamboo Growth Modifier: 100%
[15:05:30] [Server thread/INFO]: SweetBerry Growth Modifier: 100%
[15:05:30] [Server thread/INFO]: Kelp Growth Modifier: 100%
[15:05:30] [Server thread/INFO]: Mob Spawn Range: 6
[15:05:30] [Server thread/INFO]: Experience Merge Radius: 3.0
[15:05:30] [Server thread/INFO]: Hopper Transfer: 8 Hopper Check: 1 Hopper Amount: 1
[15:05:30] [Server thread/INFO]: Entity Activation Range: An 32 / Mo 32 / Ra 48 / Mi 16 / Tiv true
[15:05:30] [Server thread/INFO]: Max TNT Explosions: 100
[15:05:30] [Server thread/INFO]: Tile Max Tick Time: 50ms Entity max Tick Time: 50ms
[15:05:30] [Server thread/INFO]: Nerfing mobs spawned from spawners: false
[15:05:30] [Server thread/INFO]: Arrow Despawn Rate: 1200 Trident Respawn Rate:1200
[15:05:30] [Server thread/INFO]: Preparing start region for dimension minecraft:overworld
[15:05:34] [Server thread/INFO]: Preparing spawn area: 0%
[15:05:34] [Server thread/INFO]: Preparing spawn area: 0%
[15:05:34] [Server thread/INFO]: Preparing spawn area: 0%
[15:05:34] [Server thread/INFO]: Preparing spawn area: 0%
[15:05:34] [Server thread/INFO]: Preparing spawn area: 0%
[15:05:34] [Server thread/INFO]: Preparing spawn area: 0%
[15:05:34] [Server thread/INFO]: Preparing spawn area: 0%
[15:05:34] [Server thread/INFO]: Preparing spawn area: 0%
[15:05:34] [Server thread/INFO]: Preparing spawn area: 0%
[15:05:35] [Server thread/INFO]: Preparing spawn area: 45%
[15:05:35] [Server thread/INFO]: Time elapsed: 5367 ms
[15:05:35] [Server thread/INFO]: Preparing start region for dimension minecraft:the_nether
[15:05:37] [Server thread/INFO]: Preparing spawn area: 0%
[15:05:37] [Server thread/INFO]: Preparing spawn area: 0%
[15:05:37] [Server thread/INFO]: Preparing spawn area: 0%
[15:05:37] [Server thread/INFO]: Preparing spawn area: 0%
[15:05:37] [Worker-Main-8/INFO]: Preparing spawn area: 83%
[15:05:38] [Worker-Main-8/INFO]: Preparing spawn area: 83%
[15:05:38] [Worker-Main-4/INFO]: Preparing spawn area: 83%
[15:05:39] [Worker-Main-7/INFO]: Preparing spawn area: 83%
[15:05:39] [Worker-Main-8/INFO]: Preparing spawn area: 83%
[15:05:40] [Worker-Main-4/INFO]: Preparing spawn area: 83%
[15:05:40] [Worker-Main-8/INFO]: Preparing spawn area: 83%
[15:05:41] [Worker-Main-7/INFO]: Preparing spawn area: 83%
[15:05:41] [Worker-Main-8/INFO]: Preparing spawn area: 83%
[15:05:42] [Worker-Main-4/INFO]: Preparing spawn area: 87%
[15:05:42] [Worker-Main-8/INFO]: Preparing spawn area: 87%
[15:05:43] [Worker-Main-8/INFO]: Preparing spawn area: 93%
[15:05:43] [Worker-Main-4/INFO]: Preparing spawn area: 96%
[15:05:44] [Server thread/INFO]: Time elapsed: 8302 ms
[15:05:44] [Server thread/INFO]: Preparing start region for dimension minecraft:the_end
[15:05:44] [Server thread/INFO]: Preparing spawn area: 0%
[15:05:44] [Server thread/INFO]: Preparing spawn area: 0%
[15:05:45] [Worker-Main-7/INFO]: Preparing spawn area: 83%
[15:05:45] [Worker-Main-8/INFO]: Preparing spawn area: 83%
[15:05:46] [Worker-Main-7/INFO]: Preparing spawn area: 88%
[15:05:46] [Server thread/INFO]: Time elapsed: 2255 ms
[15:05:46] [Server thread/INFO]: [OnePlayerSleep] Enabling OnePlayerSleep v2.0.2
[15:05:46] [Server thread/INFO]: [OpenInv] Enabling OpenInv v4.0.8
[15:05:46] [Server thread/INFO]: [OpenInv] Your version of CraftBukkit (v1_16_R3) is not supported.
[15:05:46] [Server thread/INFO]: [OpenInv] If this version is a recent release, check for an update.
[15:05:46] [Server thread/INFO]: [OpenInv] If this is an older version, ensure that you've downloaded the legacy support version.
[15:05:46] [Server thread/INFO]: Server permissions file permissions.yml is empty, ignoring it
[15:05:46] [Server thread/INFO]: Done (16.742s)! For help, type "help"
[15:09:28] [User Authenticator #1/INFO]: UUID of player ArcheryLunaYT is 480db97b-cb56-4184-9069-ae901008a7fd
[15:09:29] [Server thread/INFO]: ArcheryLunaYT[/127.203.241.67:54452] logged in with entity id 986 at ([world]-174.85044773192269, 64.0, 48.51309829941792)
[15:10:13] [Server thread/INFO]: ArcheryLunaYT lost connection: Disconnected
[15:10:13] [Server thread/INFO]: ArcheryLunaYT left the game
